TN:
SF:script/DeploySSLForTokenLBPStrategyBasicFactory.s.sol
DA:18,0
FN:18,DeploySSLForTokenLBPStrategyBasicFactoryScript.run
FNDA:0,DeploySSLForTokenLBPStrategyBasicFactoryScript.run
DA:19,0
DA:21,0
DA:25,0
DA:26,0
FNF:1
FNH:0
LF:5
LH:0
BRF:0
BRH:0
end_of_record
TN:
SF:script/common/Helpers.sol
DA:15,285
FN:15,Helpers.inputAmountForTokens
FNDA:285,Helpers.inputAmountForTokens
DA:17,285
DA:20,861
FN:20,Helpers.tickNumberToPriceX96
FNDA:861,Helpers.tickNumberToPriceX96
DA:25,861
DA:28,0
FN:28,Helpers.getAuctionParams
FNDA:0,Helpers.getAuctionParams
DA:29,0
DA:32,0
FN:32,Helpers.submitBid
FNDA:0,Helpers.submitBid
DA:39,0
DA:41,0
DA:49,0
FNF:4
FNH:2
LF:10
LH:4
BRF:0
BRH:0
end_of_record
TN:
SF:script/common/Log.sol
DA:14,0
FN:14,Log.recordDeployment.0
FNDA:0,Log.recordDeployment.0
DA:15,0
DA:16,0
DA:17,0
DA:18,0
DA:19,0
DA:22,0
FN:22,Log.recordDeployment.1
FNDA:0,Log.recordDeployment.1
DA:23,0
DA:24,0
DA:25,0
DA:26,0
DA:27,0
DA:33,0
DA:34,0
DA:37,96
FN:37,Log.logPriceAndCurrencyRaised
FNDA:96,Log.logPriceAndCurrencyRaised
DA:39,96
DA:40,96
DA:41,96
DA:43,96
DA:44,96
DA:47,5
FN:47,Log.logAuctionConfigs
FNDA:5,Log.logAuctionConfigs
DA:48,5
DA:50,5
DA:51,5
DA:52,5
DA:53,5
DA:54,5
DA:55,5
FNF:4
FNH:2
LF:28
LH:14
BRF:0
BRH:0
end_of_record
TN:
SF:script/common/MineHookSalts.sol
DA:10,0
FN:10,MineHookSalts.mine
FNDA:0,MineHookSalts.mine
DA:18,0
DA:19,0
DA:21,0
DA:22,0
DA:23,0
DA:24,0
DA:25,0
DA:28,0
BRDA:28,0,0,-
DA:29,0
DA:32,0
FNF:1
FNH:0
LF:11
LH:0
BRF:1
BRH:0
end_of_record
TN:
SF:script/custom-allocation/DeployCustomAllocationStrategy.s.sol
DA:14,0
FN:14,DeployCustomAllocationStrategyScript.run
FNDA:0,DeployCustomAllocationStrategyScript.run
DA:15,0
DA:17,0
DA:18,0
DA:19,0
FNF:1
FNH:0
LF:5
LH:0
BRF:0
BRH:0
end_of_record
TN:
SF:script/sepolia/CreateTokenLaunch.s.sol
DA:17,0
FN:17,CreateTokenLaunchSepoliaScript.run
FNDA:0,CreateTokenLaunchSepoliaScript.run
DA:18,0
DA:20,0
DA:28,0
DA:37,0
DA:38,0
DA:39,0
DA:48,0
DA:49,0
DA:59,0
DA:67,0
DA:68,0
DA:69,0
DA:70,0
DA:72,0
FNF:1
FNH:0
LF:15
LH:0
BRF:0
BRH:0
end_of_record
TN:
SF:script/sepolia/Deploy.s.sol
DA:15,0
FN:15,DeployScript.run
FNDA:0,DeployScript.run
DA:16,0
DA:18,0
DA:19,0
DA:20,0
DA:22,0
DA:23,0
DA:24,0
DA:26,0
FNF:1
FNH:0
LF:9
LH:0
BRF:0
BRH:0
end_of_record
TN:
SF:script/sepolia/DeployLiquidityLauncher.s.sol
DA:12,0
FN:12,DeployLiquidityLauncherSepoliaScript.run
FNDA:0,DeployLiquidityLauncherSepoliaScript.run
DA:13,0
DA:15,0
DA:16,0
DA:19,0
DA:20,0
DA:22,0
DA:23,0
FNF:1
FNH:0
LF:8
LH:0
BRF:0
BRH:0
end_of_record
TN:
SF:script/sepolia/SubmitBid.s.sol
DA:25,0
FN:25,SubmitBidSepoliaScript.run
FNDA:0,SubmitBidSepoliaScript.run
DA:26,0
DA:27,0
DA:28,0
DA:30,0
DA:31,0
DA:33,0
BRDA:33,0,0,-
DA:34,0
DA:37,0
DA:38,0
DA:39,0
DA:48,0
DA:50,0
FNF:1
FNH:0
LF:13
LH:0
BRF:1
BRH:0
end_of_record
TN:
SF:script/tenderly/CreateTokenLaunch.s.sol
DA:17,0
FN:17,CreateTokenLaunchTenderlyScript.run
FNDA:0,CreateTokenLaunchTenderlyScript.run
DA:18,0
DA:20,0
DA:28,0
DA:37,0
DA:38,0
DA:39,0
DA:48,0
DA:49,0
DA:59,0
DA:67,0
DA:68,0
DA:69,0
DA:70,0
DA:72,0
FNF:1
FNH:0
LF:15
LH:0
BRF:0
BRH:0
end_of_record
TN:
SF:script/tenderly/Deploy.s.sol
DA:15,0
FN:15,DeployScript.run
FNDA:0,DeployScript.run
DA:16,0
DA:18,0
DA:19,0
DA:20,0
DA:22,0
DA:23,0
DA:24,0
DA:26,0
FNF:1
FNH:0
LF:9
LH:0
BRF:0
BRH:0
end_of_record
TN:
SF:script/tenderly/Migrate.s.sol
DA:30,0
FN:30,MigrateTenderlyScript.run
FNDA:0,MigrateTenderlyScript.run
DA:31,0
DA:33,0
DA:35,0
DA:37,0
DA:40,0
DA:43,0
DA:44,0
DA:47,0
DA:48,0
DA:49,0
DA:51,0
DA:52,0
DA:53,0
FNF:1
FNH:0
LF:14
LH:0
BRF:0
BRH:0
end_of_record
TN:
SF:script/tenderly/SignAndSend.s.sol
DA:23,0
FN:23,SignAndSendScript.run
FNDA:0,SignAndSendScript.run
FNF:1
FNH:0
LF:1
LH:0
BRF:0
BRH:0
end_of_record
TN:
SF:script/tenderly/SubmitBid.s.sol
DA:33,0
FN:33,SubmitBidTenderlyScript.run
FNDA:0,SubmitBidTenderlyScript.run
DA:37,0
DA:38,0
DA:39,0
DA:41,0
DA:42,0
DA:45,0
BRDA:45,0,0,-
BRDA:45,0,1,-
DA:46,0
DA:52,0
DA:60,0
DA:62,0
DA:72,0
FNF:1
FNH:0
LF:12
LH:0
BRF:2
BRH:0
end_of_record
TN:
SF:src/BaseLBPStrategyBasic.sol
DA:76,13
FN:76,BaseLBPStrategyBasic.constructor
FNDA:13,BaseLBPStrategyBasic.constructor
DA:84,13
DA:85,13
DA:87,13
DA:89,13
DA:90,13
DA:91,13
DA:94,13
DA:95,13
DA:96,13
DA:97,13
DA:98,13
DA:99,13
DA:100,13
DA:101,13
DA:102,13
DA:103,13
DA:104,13
DA:109,8
FN:109,BaseLBPStrategyBasic.getPoolToken
FNDA:8,BaseLBPStrategyBasic.getPoolToken
DA:110,8
DA:114,12
FN:114,BaseLBPStrategyBasic.onTokensReceived
FNDA:12,BaseLBPStrategyBasic.onTokensReceived
DA:115,12
BRDA:115,0,0,-
DA:116,0
DA:119,12
DA:121,12
DA:128,12
DA:129,12
DA:130,12
DA:132,12
DA:136,0
FN:136,BaseLBPStrategyBasic.migrate
FNDA:0,BaseLBPStrategyBasic.migrate
DA:137,0
DA:139,0
DA:141,0
DA:143,0
DA:145,0
DA:147,0
DA:151,1
FN:151,BaseLBPStrategyBasic.sweepToken
FNDA:1,BaseLBPStrategyBasic.sweepToken
DA:152,1
BRDA:152,1,0,-
DA:153,1
BRDA:153,2,0,-
DA:155,1
DA:156,1
BRDA:156,3,0,1
DA:157,1
DA:158,1
DA:163,0
FN:163,BaseLBPStrategyBasic.sweepCurrency
FNDA:0,BaseLBPStrategyBasic.sweepCurrency
DA:164,0
BRDA:164,4,0,-
DA:165,0
BRDA:165,5,0,-
DA:167,0
DA:168,0
BRDA:168,6,0,-
DA:169,0
DA:170,0
DA:177,13
FN:177,BaseLBPStrategyBasic._validateMigratorParams
FNDA:13,BaseLBPStrategyBasic._validateMigratorParams
DA:179,13
BRDA:179,7,0,-
BRDA:179,7,1,-
DA:180,0
DA:183,13
BRDA:183,8,0,-
BRDA:183,8,1,-
DA:184,0
DA:187,13
BRDA:187,9,1,-
DA:188,13
DA:189,13
DA:190,0
BRDA:190,9,0,-
DA:191,0
DA:196,13
BRDA:196,10,0,-
BRDA:196,10,1,-
DA:197,0
DA:200,13
BRDA:200,11,1,-
DA:201,13
DA:202,13
DA:203,13
DA:204,0
BRDA:204,11,0,-
DA:205,0
DA:208,13
BRDA:208,12,0,-
DA:209,0
DA:218,13
FN:218,BaseLBPStrategyBasic._validateAuctionParams
FNDA:13,BaseLBPStrategyBasic._validateAuctionParams
DA:219,13
DA:220,13
BRDA:220,13,0,-
BRDA:220,13,1,-
DA:221,0
DA:222,13
BRDA:222,14,0,-
BRDA:222,14,1,-
DA:223,0
DA:224,13
BRDA:224,15,0,-
DA:225,0
DA:230,6
FN:230,BaseLBPStrategyBasic._validateMigration
FNDA:6,BaseLBPStrategyBasic._validateMigration
DA:231,6
BRDA:231,16,0,1
DA:232,1
DA:236,5
DA:237,5
DA:240,5
BRDA:240,17,0,1
DA:241,1
DA:245,4
BRDA:245,18,0,1
DA:246,1
DA:249,3
BRDA:249,19,0,1
DA:250,1
DA:256,3
FN:256,BaseLBPStrategyBasic._prepareMigrationData
FNDA:3,BaseLBPStrategyBasic._prepareMigrationData
DA:257,3
DA:258,3
DA:260,3
DA:262,3
DA:264,3
DA:267,3
DA:277,3
DA:280,0
DA:286,3
FN:286,BaseLBPStrategyBasic._initializePool
FNDA:3,BaseLBPStrategyBasic._initializePool
DA:287,3
DA:289,3
DA:301,3
DA:303,0
DA:309,0
FN:309,BaseLBPStrategyBasic._createPositionPlan
FNDA:0,BaseLBPStrategyBasic._createPositionPlan
DA:310,0
DA:311,0
DA:313,0
DA:316,0
DA:327,0
BRDA:327,20,0,-
BRDA:327,20,1,-
DA:328,0
DA:334,0
DA:338,0
DA:340,0
DA:345,0
DA:347,0
DA:353,2
FN:353,BaseLBPStrategyBasic._transferAssetsAndExecutePlan
FNDA:2,BaseLBPStrategyBasic._transferAssetsAndExecutePlan
DA:355,2
DA:358,2
DA:361,2
DA:363,2
BRDA:363,21,0,2
BRDA:363,21,1,-
DA:365,2
DA:368,0
DA:369,0
DA:376,2
FN:376,BaseLBPStrategyBasic._getTokenTransferAmount
FNDA:2,BaseLBPStrategyBasic._getTokenTransferAmount
DA:378,2
DA:379,2
DA:387,2
FN:387,BaseLBPStrategyBasic._getCurrencyTransferAmount
FNDA:2,BaseLBPStrategyBasic._getCurrencyTransferAmount
DA:389,2
DA:400,2
FN:400,BaseLBPStrategyBasic._createFullRangePositionPlan
FNDA:2,BaseLBPStrategyBasic._createFullRangePositionPlan
DA:407,2
DA:411,2
DA:421,1
FN:421,BaseLBPStrategyBasic._createOneSidedPositionPlan
FNDA:1,BaseLBPStrategyBasic._createOneSidedPositionPlan
DA:429,1
DA:430,1
DA:433,0
DA:436,1
DA:444,2
FN:444,BaseLBPStrategyBasic._createFinalTakePairPlan
FNDA:2,BaseLBPStrategyBasic._createFinalTakePairPlan
DA:449,2
FNF:18
FNH:15
LF:138
LH:95
BRF:31
BRH:6
end_of_record
TN:
SF:src/SSLForTokenLBPStrategyBasic.sol
DA:42,13
FN:42,SSLForTokenLBPStrategyBasic.constructor
FNDA:13,SSLForTokenLBPStrategyBasic.constructor
DA:51,13
BRDA:51,0,0,-
BRDA:51,0,1,-
DA:55,13
DA:56,13
DA:60,6
FN:60,SSLForTokenLBPStrategyBasic.migrate
FNDA:6,SSLForTokenLBPStrategyBasic.migrate
DA:61,6
DA:65,6
DA:68,2
DA:72,6
FN:72,SSLForTokenLBPStrategyBasic._migrate
FNDA:6,SSLForTokenLBPStrategyBasic._migrate
DA:73,0
DA:75,2
DA:76,2
DA:78,2
DA:79,2
DA:81,2
DA:87,2
FN:87,SSLForTokenLBPStrategyBasic._createPositionPlan
FNDA:2,SSLForTokenLBPStrategyBasic._createPositionPlan
DA:88,2
DA:89,2
DA:91,2
DA:94,2
DA:106,1
BRDA:106,1,0,1
BRDA:106,1,1,1
DA:107,1
DA:114,1
DA:115,1
DA:118,1
DA:120,1
DA:125,2
DA:127,2
DA:135,3
FN:135,SSLForTokenLBPStrategyBasic._withdrawLQAndMintTokenLPAndSendCurrency
FNDA:3,SSLForTokenLBPStrategyBasic._withdrawLQAndMintTokenLPAndSendCurrency
DA:141,3
DA:142,3
DA:143,3
BRDA:143,2,0,-
BRDA:143,2,1,-
DA:145,2
DA:146,2
DA:147,2
DA:149,2
DA:156,2
DA:165,3
DA:172,2
DA:173,2
DA:174,2
BRDA:174,3,0,-
BRDA:174,3,1,-
DA:176,2
DA:180,2
DA:182,2
DA:188,2
DA:190,2
DA:191,2
DA:201,2
DA:203,2
DA:205,2
DA:206,2
DA:208,2
DA:215,4
FN:215,SSLForTokenLBPStrategyBasic._getLeftSideBounds
FNDA:4,SSLForTokenLBPStrategyBasic._getLeftSideBounds
DA:220,4
DA:223,4
BRDA:223,4,0,1
DA:224,1
DA:227,3
DA:232,3
FNF:6
FNH:6
LF:58
LH:57
BRF:9
BRH:3
end_of_record
TN:
SF:src/SSLForTokenLBPStrategyBasicFactory.sol
DA:22,0
FN:22,SSLForTokenLBPStrategyBasicFactory.constructor
FNDA:0,SSLForTokenLBPStrategyBasicFactory.constructor
DA:23,0
DA:24,0
DA:28,0
FN:28,SSLForTokenLBPStrategyBasicFactory.initializeDistribution
FNDA:0,SSLForTokenLBPStrategyBasicFactory.initializeDistribution
DA:32,0
BRDA:32,0,0,-
DA:34,0
DA:38,0
DA:40,0
DA:41,0
DA:55,0
DA:65,0
FN:65,SSLForTokenLBPStrategyBasicFactory.getLBPAddress
FNDA:0,SSLForTokenLBPStrategyBasicFactory.getLBPAddress
DA:70,0
BRDA:70,1,0,-
DA:72,0
DA:76,0
DA:78,0
DA:80,0
DA:94,0
FNF:3
FNH:0
LF:17
LH:0
BRF:2
BRH:0
end_of_record
TN:
SF:src/custom-allocation/CustomAllocationStrategy.sol
DA:28,9
FN:28,CustomAllocationStrategy.constructor
FNDA:9,CustomAllocationStrategy.constructor
DA:29,9
DA:32,17
FN:32,CustomAllocationStrategy.onlyLiquidityLauncher
FNDA:17,CustomAllocationStrategy.onlyLiquidityLauncher
DA:33,17
BRDA:33,0,0,-
BRDA:33,0,1,-
DA:38,16
FN:38,CustomAllocationStrategy.initializeDistribution
FNDA:16,CustomAllocationStrategy.initializeDistribution
DA:43,16
DA:44,16
BRDA:44,1,0,-
BRDA:44,1,1,-
DA:46,16
DA:47,15
BRDA:47,2,0,-
BRDA:47,2,1,-
DA:50,16
DA:52,14
DA:56,13
FN:56,CustomAllocationStrategy.onTokensReceived
FNDA:13,CustomAllocationStrategy.onTokensReceived
DA:57,13
DA:58,13
DA:59,13
BRDA:59,3,0,-
BRDA:59,3,1,-
DA:61,12
DA:63,13
FNF:4
FNH:4
LF:17
LH:17
BRF:8
BRH:0
end_of_record
TN:
SF:test/Config.sol
DA:29,25
FN:29,Config.setUp
FNDA:25,Config.setUp
DA:30,25
DA:32,25
DA:35,25
FN:35,Config._setupDefaultParams
FNDA:25,Config._setupDefaultParams
DA:36,25
DA:38,25
FNF:2
FNH:2
LF:6
LH:6
BRF:0
BRH:0
end_of_record
TN:
SF:test/FullLaunchTestBase.t.sol
DA:55,25
FN:55,FullLaunchTestBase.setUp
FNDA:25,FullLaunchTestBase.setUp
DA:57,0
DA:59,25
DA:60,0
DA:66,25
FN:66,FullLaunchTestBase._setupContracts
FNDA:25,FullLaunchTestBase._setupContracts
DA:67,25
DA:68,25
DA:69,25
DA:70,25
DA:72,25
DA:75,25
DA:81,26
FN:81,FullLaunchTestBase._configureLBP
FNDA:26,FullLaunchTestBase._configureLBP
DA:82,26
DA:83,26
DA:86,17
FN:86,FullLaunchTestBase._createAndDistributeToken
FNDA:17,FullLaunchTestBase._createAndDistributeToken
DA:87,17
DA:89,17
DA:91,17
BRDA:91,0,0,17
BRDA:91,0,1,-
DA:92,17
DA:93,17
DA:99,17
DA:106,17
DA:108,17
DA:109,17
DA:119,17
DA:127,17
DA:129,0
DA:130,0
DA:133,0
DA:135,0
DA:136,17
DA:138,0
DA:139,0
DA:140,0
DA:146,17
BRDA:146,1,0,-
BRDA:146,1,1,-
DA:149,9
FN:149,FullLaunchTestBase._createAndDistributeTokenWithCustomStrategy
FNDA:9,FullLaunchTestBase._createAndDistributeTokenWithCustomStrategy
DA:150,9
DA:152,9
DA:154,9
DA:160,9
BRDA:160,2,0,9
BRDA:160,2,1,-
DA:161,9
DA:162,9
DA:168,9
DA:175,9
DA:177,9
DA:178,9
DA:188,9
DA:195,9
DA:204,9
DA:206,0
DA:207,0
DA:210,0
DA:212,0
DA:214,9
DA:216,0
DA:217,0
DA:219,0
DA:220,0
DA:221,0
DA:228,9
BRDA:228,3,0,-
BRDA:228,3,1,-
DA:231,0
FN:231,FullLaunchTestBase._useExistingToken
FNDA:0,FullLaunchTestBase._useExistingToken
DA:233,0
DA:234,0
DA:235,0
DA:238,0
DA:240,0
DA:243,0
DA:250,0
DA:251,0
DA:252,0
DA:253,0
DA:256,26
FN:256,FullLaunchTestBase._verifyLBPInitialState
FNDA:26,FullLaunchTestBase._verifyLBPInitialState
DA:257,26
DA:258,26
DA:259,26
DA:260,26
DA:261,26
DA:262,26
DA:263,26
DA:264,26
DA:265,26
DA:329,26
FN:329,FullLaunchTestBase.mine
FNDA:26,FullLaunchTestBase.mine
DA:337,26
DA:338,26
DA:341,26
DA:343,0
DA:345,26
DA:346,312680
DA:347,312680
DA:348,312680
DA:349,312680
DA:352,312680
BRDA:352,4,0,26
DA:353,26
DA:356,0
DA:359,0
DA:362,52
FN:362,FullLaunchTestBase.computeUERC20Address
FNDA:52,FullLaunchTestBase.computeUERC20Address
DA:368,52
DA:370,52
DA:377,290
FN:377,FullLaunchTestBase._submitBid
FNDA:290,FullLaunchTestBase._submitBid
DA:385,0
DA:387,290
DA:389,290
DA:390,290
DA:398,290
DA:400,0
DA:405,0
FN:405,FullLaunchTestBase._submitBidNonEth
FNDA:0,FullLaunchTestBase._submitBidNonEth
DA:413,0
DA:415,0
DA:416,0
DA:424,0
DA:426,0
FNF:11
FNH:9
LF:111
LH:71
BRF:9
BRH:3
end_of_record
TN:
SF:test/SSLForTokenLBPStrategyBasicTestBase.t.sol
DA:36,11
FN:36,SSLForTokenLBPStrategyBasicTestBase.setUp
FNDA:11,SSLForTokenLBPStrategyBasicTestBase.setUp
DA:37,0
DA:39,0
DA:41,11
DA:44,11
DA:48,11
DA:49,0
DA:52,11
FN:52,SSLForTokenLBPStrategyBasicTestBase._replaceToTestConfig
FNDA:11,SSLForTokenLBPStrategyBasicTestBase._replaceToTestConfig
DA:53,11
DA:56,11
DA:102,12
FN:102,SSLForTokenLBPStrategyBasicTestBase._mineSSLForTokenLBPSalt
FNDA:12,SSLForTokenLBPStrategyBasicTestBase._mineSSLForTokenLBPSalt
DA:103,12
DA:105,12
DA:113,12
DA:122,12
DA:132,12
FN:132,SSLForTokenLBPStrategyBasicTestBase._useSSLForTokenLBP
FNDA:12,SSLForTokenLBPStrategyBasicTestBase._useSSLForTokenLBP
DA:133,12
BRDA:133,0,0,-
BRDA:133,0,1,-
DA:135,12
DA:139,12
DA:149,12
DA:150,12
FNF:4
FNH:4
LF:21
LH:18
BRF:2
BRH:0
end_of_record
TN:
SF:test/custom-allocation/CustomAllocationStrategy.t.sol
DA:19,1
FN:19,CustomAllocationStrategyTestHarness.LIQUIDITY_LAUNCHER
FNDA:1,CustomAllocationStrategyTestHarness.LIQUIDITY_LAUNCHER
DA:20,1
DA:23,15
FN:23,CustomAllocationStrategyTestHarness.parameters
FNDA:15,CustomAllocationStrategyTestHarness.parameters
DA:24,15
FNF:2
FNH:2
LF:4
LH:4
BRF:0
BRH:0
end_of_record
TN:
SF:test/helpers/SSLForTokenLBPStrategyBasicTestHelpers.sol
DA:27,4
FN:27,SSLForTokenLBPStrategyBasicTestHelpers.takeBalanceSnapshot
FNDA:4,SSLForTokenLBPStrategyBasicTestHelpers.takeBalanceSnapshot
DA:32,4
DA:34,4
DA:36,4
BRDA:36,0,0,4
BRDA:36,0,1,-
DA:37,4
DA:38,4
DA:40,0
DA:41,0
DA:44,4
DA:46,0
DA:49,0
FN:49,SSLForTokenLBPStrategyBasicTestHelpers.assertPositionCreated
FNDA:0,SSLForTokenLBPStrategyBasicTestHelpers.assertPositionCreated
DA:59,0
DA:61,0
DA:62,0
DA:63,0
DA:64,0
DA:65,0
DA:66,0
DA:69,1
FN:69,SSLForTokenLBPStrategyBasicTestHelpers.assertPositionNotCreated
FNDA:1,SSLForTokenLBPStrategyBasicTestHelpers.assertPositionNotCreated
DA:70,1
DA:72,1
DA:73,1
DA:74,1
DA:75,1
DA:76,1
DA:77,1
DA:80,1
FN:80,SSLForTokenLBPStrategyBasicTestHelpers.assertLBPStateAfterMigration
FNDA:1,SSLForTokenLBPStrategyBasicTestHelpers.assertLBPStateAfterMigration
DA:85,1
DA:86,1
DA:88,1
BRDA:88,1,0,-
DA:89,0
DA:93,2
FN:93,SSLForTokenLBPStrategyBasicTestHelpers.assertBalancesAfterMigration
FNDA:2,SSLForTokenLBPStrategyBasicTestHelpers.assertBalancesAfterMigration
DA:98,2
DA:99,2
DA:102,2
DA:103,2
DA:106,0
FN:106,SSLForTokenLBPStrategyBasicTestHelpers.sendTokensToLBP
FNDA:0,SSLForTokenLBPStrategyBasicTestHelpers.sendTokensToLBP
DA:109,0
DA:110,0
DA:111,0
DA:114,0
FN:114,SSLForTokenLBPStrategyBasicTestHelpers.mockAuctionClearingPrice
FNDA:0,SSLForTokenLBPStrategyBasicTestHelpers.mockAuctionClearingPrice
DA:116,0
DA:121,0
FN:121,SSLForTokenLBPStrategyBasicTestHelpers.mockCurrencyRaised
FNDA:0,SSLForTokenLBPStrategyBasicTestHelpers.mockCurrencyRaised
DA:123,0
DA:130,0
FN:130,SSLForTokenLBPStrategyBasicTestHelpers.mockAuctionEndBlock
FNDA:0,SSLForTokenLBPStrategyBasicTestHelpers.mockAuctionEndBlock
DA:132,0
DA:135,0
FN:135,SSLForTokenLBPStrategyBasicTestHelpers.mockAuctionCheckpoint
FNDA:0,SSLForTokenLBPStrategyBasicTestHelpers.mockAuctionCheckpoint
DA:137,0
FNF:10
FNH:4
LF:48
LH:24
BRF:3
BRH:1
end_of_record
TN:
SF:test/mocks/MockSSLForTokenLBPStrategyBasic.sol
DA:36,0
FN:36,MockSSLForTokenLBPStrategyBasic.validateHookAddress
FNDA:0,MockSSLForTokenLBPStrategyBasic.validateHookAddress
FNF:1
FNH:0
LF:1
LH:0
BRF:0
BRH:0
end_of_record
TN:
SF:test/mocks/MockSSLForTokenLBPStrategyBasicFactory.sol
DA:22,11
FN:22,MockSSLForTokenLBPStrategyBasicFactory.constructor
FNDA:11,MockSSLForTokenLBPStrategyBasicFactory.constructor
DA:23,11
DA:24,11
DA:28,12
FN:28,MockSSLForTokenLBPStrategyBasicFactory.initializeDistribution
FNDA:12,MockSSLForTokenLBPStrategyBasicFactory.initializeDistribution
DA:32,12
BRDA:32,0,0,-
DA:34,12
DA:38,12
DA:40,12
DA:41,12
DA:55,12
DA:65,12
FN:65,MockSSLForTokenLBPStrategyBasicFactory.getLBPAddress
FNDA:12,MockSSLForTokenLBPStrategyBasicFactory.getLBPAddress
DA:70,12
BRDA:70,1,0,-
DA:72,12
DA:76,12
DA:78,12
DA:80,12
DA:94,12
FNF:3
FNH:3
LF:17
LH:17
BRF:2
BRH:0
end_of_record
TN:
SF:test/mocks/SSLForTokenLBPStrategyBasicHarness.sol
DA:29,1
FN:29,SSLForTokenLBPStrategyBasicHarness.withdrawLQAndMintTokenLPAndSendCurrency
FNDA:1,SSLForTokenLBPStrategyBasicHarness.withdrawLQAndMintTokenLPAndSendCurrency
DA:33,1
DA:36,1
FN:36,SSLForTokenLBPStrategyBasicHarness.prepareMigrationData
FNDA:1,SSLForTokenLBPStrategyBasicHarness.prepareMigrationData
DA:37,1
DA:40,1
FN:40,SSLForTokenLBPStrategyBasicHarness.initializePool
FNDA:1,SSLForTokenLBPStrategyBasicHarness.initializePool
DA:41,1
DA:44,1
FN:44,SSLForTokenLBPStrategyBasicHarness.getLeftTickBounds
FNDA:1,SSLForTokenLBPStrategyBasicHarness.getLeftTickBounds
DA:49,1
FNF:4
FNH:4
LF:8
LH:8
BRF:0
BRH:0
end_of_record
